0 info it worked if it ends with ok
1 warn npm npm does not support Node.js v10.15.2
2 warn npm You should probably upgrade to a newer version of node as we
3 warn npm can't make any promises that npm will work with this version.
4 warn npm Supported releases of Node.js are the latest release of 4, 6, 7, 8, 9.
5 warn npm You can find the latest version at https://nodejs.org/
6 verbose cli [ '/usr/bin/node',
6 verbose cli   '/usr/bin/npm',
6 verbose cli   'install',
6 verbose cli   '-g',
6 verbose cli   'awsmobile-cli' ]
7 info using npm@5.8.0
8 info using node@v10.15.2
9 verbose npm-session 35ad494841c4665c
10 silly install loadCurrentTree
11 silly install readGlobalPackageData
12 http fetch GET 200 https://registry.npmjs.org/awsmobile-cli 19ms (from cache)
13 silly pacote tag manifest for awsmobile-cli@latest fetched in 39ms
14 silly install loadIdealTree
15 silly install cloneCurrentTreeToIdealTree
16 silly install loadShrinkwrap
17 silly install loadAllDepsIntoIdealTree
18 silly resolveWithNewModule awsmobile-cli@1.1.7 checking installable status
19 http fetch GET 200 https://registry.npmjs.org/fs-extra 39ms (from cache)
20 silly pacote range manifest for fs-extra@^4.0.2 fetched in 44ms
21 silly resolveWithNewModule fs-extra@4.0.3 checking installable status
22 http fetch GET 304 https://registry.npmjs.org/deep-equal 167ms (from cache)
23 http fetch GET 304 https://registry.npmjs.org/download-git-repo 168ms (from cache)
24 http fetch GET 304 https://registry.npmjs.org/chalk 170ms (from cache)
25 silly pacote range manifest for deep-equal@^1.0.1 fetched in 171ms
26 silly resolveWithNewModule deep-equal@1.0.1 checking installable status
27 http fetch GET 304 https://registry.npmjs.org/http 127ms (from cache)
28 http fetch GET 304 https://registry.npmjs.org/commander 175ms (from cache)
29 silly pacote range manifest for download-git-repo@^1.0.2 fetched in 175ms
30 silly resolveWithNewModule download-git-repo@1.1.0 checking installable status
31 silly pacote range manifest for chalk@^2.0.1 fetched in 176ms
32 silly resolveWithNewModule chalk@2.4.2 checking installable status
33 silly pacote version manifest for http@0.0.0 fetched in 133ms
34 silly resolveWithNewModule http@0.0.0 checking installable status
35 silly pacote range manifest for commander@^2.11.0 fetched in 185ms
36 silly resolveWithNewModule commander@2.20.0 checking installable status
37 http fetch GET 304 https://registry.npmjs.org/graphql 184ms (from cache)
38 silly pacote range manifest for graphql@^0.13.2 fetched in 189ms
39 silly resolveWithNewModule graphql@0.13.2 checking installable status
40 http fetch GET 200 https://registry.npmjs.org/n-readlines 2ms (from cache)
41 silly pacote range manifest for n-readlines@^0.2.7 fetched in 3ms
42 silly resolveWithNewModule n-readlines@0.2.8 checking installable status
43 http fetch GET 304 https://registry.npmjs.org/aws-amplify 202ms (from cache)
44 silly pacote range manifest for aws-amplify@^0.2.0 fetched in 223ms
45 silly resolveWithNewModule aws-amplify@0.2.15 checking installable status
46 http fetch GET 304 https://registry.npmjs.org/aws-sdk 241ms (from cache)
47 silly pacote range manifest for aws-sdk@^2.203.0 fetched in 255ms
48 silly resolveWithNewModule aws-sdk@2.514.0 checking installable status
49 http fetch GET 304 https://registry.npmjs.org/https 83ms (from cache)
50 http fetch GET 304 https://registry.npmjs.org/mime-types 79ms (from cache)
51 silly pacote range manifest for https@^1.0.0 fetched in 86ms
52 silly resolveWithNewModule https@1.0.0 checking installable status
53 silly pacote range manifest for mime-types@^2.1.16 fetched in 82ms
54 silly resolveWithNewModule mime-types@2.1.24 checking installable status
55 http fetch GET 304 https://registry.npmjs.org/moment 78ms (from cache)
56 http fetch GET 304 https://registry.npmjs.org/opn 67ms (from cache)
57 http fetch GET 304 https://registry.npmjs.org/inquirer 87ms (from cache)
58 silly pacote range manifest for moment@^2.21.0 fetched in 86ms
59 silly resolveWithNewModule moment@2.24.0 checking installable status
60 silly pacote range manifest for inquirer@^3.2.1 fetched in 94ms
61 silly resolveWithNewModule inquirer@3.3.0 checking installable status
62 silly pacote range manifest for opn@^5.1.0 fetched in 76ms
63 silly resolveWithNewModule opn@5.5.0 checking installable status
64 http fetch GET 304 https://registry.npmjs.org/ora 56ms (from cache)
65 silly pacote range manifest for ora@^1.3.0 fetched in 58ms
66 silly resolveWithNewModule ora@1.4.0 checking installable status
67 http fetch GET 304 https://registry.npmjs.org/js-yaml 104ms (from cache)
68 silly pacote range manifest for js-yaml@^3.9.1 fetched in 106ms
69 silly resolveWithNewModule js-yaml@3.13.1 checking installable status
70 http fetch GET 304 https://registry.npmjs.org/os 35ms (from cache)
71 silly pacote range manifest for os@^0.1.1 fetched in 36ms
72 silly resolveWithNewModule os@0.1.1 checking installable status
73 http fetch GET 304 https://registry.npmjs.org/path 38ms (from cache)
74 silly pacote range manifest for path@^0.12.7 fetched in 40ms
75 silly resolveWithNewModule path@0.12.7 checking installable status
76 http fetch GET 304 https://registry.npmjs.org/uuid 33ms (from cache)
77 silly pacote range manifest for uuid@^3.1.0 fetched in 34ms
78 silly resolveWithNewModule uuid@3.3.3 checking installable status
79 http fetch GET 304 https://registry.npmjs.org/archiver 1110ms (from cache)
80 silly pacote range manifest for archiver@^2.1.0 fetched in 1112ms
81 silly resolveWithNewModule archiver@2.1.1 checking installable status
82 http fetch GET 304 https://registry.npmjs.org/extract-zip 3918ms (from cache)
83 silly pacote range manifest for extract-zip@^1.6.6 fetched in 3919ms
84 silly resolveWithNewModule extract-zip@1.6.7 checking installable status
85 http fetch GET 304 https://registry.npmjs.org/util 3673ms (from cache)
86 silly pacote range manifest for util@^0.10.3 fetched in 3675ms
87 silly resolveWithNewModule util@0.10.4 checking installable status
88 http fetch GET 304 https://registry.npmjs.org/async 41ms (from cache)
89 silly pacote range manifest for async@^2.0.0 fetched in 47ms
90 silly resolveWithNewModule async@2.6.3 checking installable status
91 http fetch GET 304 https://registry.npmjs.org/lodash 49ms (from cache)
92 silly pacote range manifest for lodash@^4.8.0 fetched in 51ms
93 silly resolveWithNewModule lodash@4.17.15 checking installable status
94 http fetch GET 304 https://registry.npmjs.org/buffer-crc32 53ms (from cache)
95 http fetch GET 304 https://registry.npmjs.org/glob 55ms (from cache)
96 silly pacote range manifest for buffer-crc32@^0.2.1 fetched in 56ms
97 silly resolveWithNewModule buffer-crc32@0.2.13 checking installable status
98 http fetch GET 304 https://registry.npmjs.org/readable-stream 56ms (from cache)
99 silly pacote range manifest for glob@^7.0.0 fetched in 59ms
100 silly resolveWithNewModule glob@7.1.4 checking installable status
101 silly pacote range manifest for readable-stream@^2.0.0 fetched in 60ms
102 silly resolveWithNewModule readable-stream@2.3.6 checking installable status
103 http fetch GET 304 https://registry.npmjs.org/tar-stream 123ms (from cache)
104 silly pacote range manifest for tar-stream@^1.5.0 fetched in 126ms
105 silly resolveWithNewModule tar-stream@1.6.2 checking installable status
106 http fetch GET 304 https://registry.npmjs.org/zip-stream 1022ms (from cache)
107 silly pacote range manifest for zip-stream@^1.2.0 fetched in 1024ms
108 silly resolveWithNewModule zip-stream@1.2.0 checking installable status
109 http fetch GET 304 https://registry.npmjs.org/archiver-utils 1044ms (from cache)
110 silly pacote range manifest for archiver-utils@^1.3.0 fetched in 1045ms
111 silly resolveWithNewModule archiver-utils@1.3.0 checking installable status
112 http fetch GET 304 https://registry.npmjs.org/lazystream 33ms (from cache)
113 silly pacote range manifest for lazystream@^1.0.0 fetched in 36ms
114 silly resolveWithNewModule lazystream@1.0.0 checking installable status
115 http fetch GET 304 https://registry.npmjs.org/graceful-fs 38ms (from cache)
116 silly pacote range manifest for graceful-fs@^4.1.0 fetched in 39ms
117 silly resolveWithNewModule graceful-fs@4.2.2 checking installable status
118 http fetch GET 304 https://registry.npmjs.org/normalize-path 40ms (from cache)
119 silly pacote range manifest for normalize-path@^2.0.0 fetched in 50ms
120 silly resolveWithNewModule normalize-path@2.1.1 checking installable status
121 http fetch GET 304 https://registry.npmjs.org/inherits 41ms (from cache)
122 silly pacote range manifest for inherits@2 fetched in 43ms
123 silly resolveWithNewModule inherits@2.0.4 checking installable status
124 http fetch GET 304 https://registry.npmjs.org/fs.realpath 44ms (from cache)
125 silly pacote range manifest for fs.realpath@^1.0.0 fetched in 47ms
126 silly resolveWithNewModule fs.realpath@1.0.0 checking installable status
127 http fetch GET 304 https://registry.npmjs.org/once 47ms (from cache)
128 silly pacote range manifest for once@^1.3.0 fetched in 51ms
129 silly resolveWithNewModule once@1.4.0 checking installable status
130 http fetch GET 304 https://registry.npmjs.org/minimatch 53ms (from cache)
131 http fetch GET 304 https://registry.npmjs.org/path-is-absolute 54ms (from cache)
132 silly pacote range manifest for minimatch@^3.0.4 fetched in 55ms
133 silly resolveWithNewModule minimatch@3.0.4 checking installable status
134 silly pacote range manifest for path-is-absolute@^1.0.0 fetched in 55ms
135 silly resolveWithNewModule path-is-absolute@1.0.1 checking installable status
136 http fetch GET 304 https://registry.npmjs.org/inflight 3823ms (from cache)
137 silly pacote range manifest for inflight@^1.0.4 fetched in 3825ms
138 silly resolveWithNewModule inflight@1.0.6 checking installable status
139 http fetch GET 304 https://registry.npmjs.org/wrappy 38ms (from cache)
140 silly pacote range manifest for wrappy@1 fetched in 39ms
141 silly resolveWithNewModule wrappy@1.0.2 checking installable status
142 http fetch GET 304 https://registry.npmjs.org/brace-expansion 42ms (from cache)
143 silly pacote range manifest for brace-expansion@^1.1.7 fetched in 45ms
144 silly resolveWithNewModule brace-expansion@1.1.11 checking installable status
145 http fetch GET 304 https://registry.npmjs.org/balanced-match 37ms (from cache)
146 silly pacote range manifest for balanced-match@^1.0.0 fetched in 39ms
147 silly resolveWithNewModule balanced-match@1.0.0 checking installable status
148 http fetch GET 304 https://registry.npmjs.org/concat-map 45ms (from cache)
149 silly pacote version manifest for concat-map@0.0.1 fetched in 46ms
150 silly resolveWithNewModule concat-map@0.0.1 checking installable status
151 http fetch GET 304 https://registry.npmjs.org/safe-buffer 50ms (from cache)
152 http fetch GET 304 https://registry.npmjs.org/core-util-is 52ms (from cache)
153 http fetch GET 304 https://registry.npmjs.org/util-deprecate 51ms (from cache)
154 http fetch GET 304 https://registry.npmjs.org/string_decoder 51ms (from cache)
155 silly pacote range manifest for safe-buffer@~5.1.1 fetched in 52ms
156 silly resolveWithNewModule safe-buffer@5.1.2 checking installable status
157 silly pacote range manifest for core-util-is@~1.0.0 fetched in 54ms
158 silly resolveWithNewModule core-util-is@1.0.2 checking installable status
159 silly pacote range manifest for util-deprecate@~1.0.1 fetched in 53ms
160 silly resolveWithNewModule util-deprecate@1.0.2 checking installable status
161 silly pacote range manifest for string_decoder@~1.1.1 fetched in 54ms
162 silly resolveWithNewModule string_decoder@1.1.1 checking installable status
163 http fetch GET 304 https://registry.npmjs.org/process-nextick-args 96ms (from cache)
164 silly pacote range manifest for process-nextick-args@~2.0.0 fetched in 98ms
165 silly resolveWithNewModule process-nextick-args@2.0.1 checking installable status
166 http fetch GET 304 https://registry.npmjs.org/isarray 2965ms (from cache)
167 silly pacote range manifest for isarray@~1.0.0 fetched in 2967ms
168 silly resolveWithNewModule isarray@1.0.0 checking installable status
169 http fetch GET 304 https://registry.npmjs.org/remove-trailing-separator 36ms (from cache)
170 silly pacote range manifest for remove-trailing-separator@^1.0.1 fetched in 37ms
171 silly resolveWithNewModule remove-trailing-separator@1.1.0 checking installable status
172 http fetch GET 304 https://registry.npmjs.org/to-buffer 53ms (from cache)
173 http fetch GET 304 https://registry.npmjs.org/xtend 54ms (from cache)
174 http fetch GET 304 https://registry.npmjs.org/fs-constants 54ms (from cache)
175 http fetch GET 304 https://registry.npmjs.org/bl 56ms (from cache)
176 http fetch GET 304 https://registry.npmjs.org/end-of-stream 56ms (from cache)
177 silly pacote range manifest for to-buffer@^1.1.1 fetched in 56ms
178 silly resolveWithNewModule to-buffer@1.1.1 checking installable status
179 http fetch GET 304 https://registry.npmjs.org/buffer-alloc 58ms (from cache)
180 silly pacote range manifest for xtend@^4.0.0 fetched in 57ms
181 silly resolveWithNewModule xtend@4.0.2 checking installable status
182 silly pacote range manifest for fs-constants@^1.0.0 fetched in 58ms
183 silly resolveWithNewModule fs-constants@1.0.0 checking installable status
184 silly pacote range manifest for bl@^1.0.0 fetched in 60ms
185 silly resolveWithNewModule bl@1.2.2 checking installable status
186 silly pacote range manifest for end-of-stream@^1.0.0 fetched in 60ms
187 silly resolveWithNewModule end-of-stream@1.4.1 checking installable status
188 silly pacote range manifest for buffer-alloc@^1.2.0 fetched in 61ms
189 silly resolveWithNewModule buffer-alloc@1.2.0 checking installable status
190 http fetch GET 304 https://registry.npmjs.org/buffer-alloc-unsafe 34ms (from cache)
191 silly pacote range manifest for buffer-alloc-unsafe@^1.1.0 fetched in 36ms
192 silly resolveWithNewModule buffer-alloc-unsafe@1.1.0 checking installable status
193 http fetch GET 304 https://registry.npmjs.org/buffer-fill 1242ms (from cache)
194 silly pacote range manifest for buffer-fill@^1.0.0 fetched in 1243ms
195 silly resolveWithNewModule buffer-fill@1.0.0 checking installable status
196 http fetch GET 304 https://registry.npmjs.org/compress-commons 998ms (from cache)
197 silly pacote range manifest for compress-commons@^1.2.0 fetched in 1001ms
198 silly resolveWithNewModule compress-commons@1.2.2 checking installable status
199 http fetch GET 304 https://registry.npmjs.org/crc32-stream 998ms (from cache)
200 silly pacote range manifest for crc32-stream@^2.0.0 fetched in 999ms
201 silly resolveWithNewModule crc32-stream@2.0.0 checking installable status
202 http fetch GET 304 https://registry.npmjs.org/crc 37ms (from cache)
203 silly pacote range manifest for crc@^3.4.4 fetched in 39ms
204 silly resolveWithNewModule crc@3.8.0 checking installable status
205 http fetch GET 304 https://registry.npmjs.org/buffer 45ms (from cache)
206 silly pacote range manifest for buffer@^5.1.0 fetched in 47ms
207 silly resolveWithNewModule buffer@5.4.0 checking installable status
208 http fetch GET 304 https://registry.npmjs.org/ieee754 43ms (from cache)
209 http fetch GET 304 https://registry.npmjs.org/base64-js 44ms (from cache)
210 silly pacote range manifest for ieee754@^1.1.4 fetched in 45ms
211 silly resolveWithNewModule ieee754@1.1.13 checking installable status
212 silly pacote range manifest for base64-js@^1.0.2 fetched in 46ms
213 silly resolveWithNewModule base64-js@1.3.1 checking installable status
214 silly pacote version manifest for aws-sdk@2.198.0 fetched in 8ms
215 silly resolveWithNewModule aws-sdk@2.198.0 checking installable status
216 http fetch GET 304 https://registry.npmjs.org/paho-mqtt 49ms (from cache)
217 silly pacote range manifest for paho-mqtt@^1.0.4 fetched in 50ms
218 silly resolveWithNewModule paho-mqtt@1.1.0 checking installable status
219 http fetch GET 304 https://registry.npmjs.org/axios 51ms (from cache)
220 http fetch GET 304 https://registry.npmjs.org/zen-observable 57ms (from cache)
221 silly pacote range manifest for axios@^0.17.0 fetched in 58ms
222 silly resolveWithNewModule axios@0.17.1 checking installable status
223 silly pacote range manifest for zen-observable@^0.8.6 fetched in 59ms
224 silly resolveWithNewModule zen-observable@0.8.14 checking installable status
225 http fetch GET 304 https://registry.npmjs.org/amazon-cognito-identity-js 62ms (from cache)
226 silly pacote range manifest for amazon-cognito-identity-js@^2.0.0 fetched in 71ms
227 silly resolveWithNewModule amazon-cognito-identity-js@2.0.30 checking installable status
228 silly pacote version manifest for buffer@4.9.1 fetched in 2ms
229 silly resolveWithNewModule buffer@4.9.1 checking installable status
230 http fetch GET 304 https://registry.npmjs.org/js-cookie 35ms (from cache)
231 silly pacote range manifest for js-cookie@^2.1.4 fetched in 37ms
232 silly resolveWithNewModule js-cookie@2.2.1 checking installable status
233 http fetch GET 304 https://registry.npmjs.org/crypto-browserify 149ms (from cache)
234 silly pacote version manifest for crypto-browserify@1.0.9 fetched in 150ms
235 silly resolveWithNewModule crypto-browserify@1.0.9 checking installable status
236 silly pacote version manifest for buffer@4.9.1 fetched in 4ms
237 silly resolveWithNewModule buffer@4.9.1 checking installable status
238 silly pacote version manifest for uuid@3.1.0 fetched in 6ms
239 silly resolveWithNewModule uuid@3.1.0 checking installable status
240 http fetch GET 304 https://registry.npmjs.org/events 48ms (from cache)
241 silly pacote range manifest for events@^1.1.1 fetched in 51ms
242 silly resolveWithNewModule events@1.1.1 checking installable status
243 http fetch GET 304 https://registry.npmjs.org/jmespath 53ms (from cache)
244 http fetch GET 304 https://registry.npmjs.org/url 52ms (from cache)
245 http fetch GET 304 https://registry.npmjs.org/querystring 55ms (from cache)
246 http fetch GET 304 https://registry.npmjs.org/xml2js 53ms (from cache)
247 http fetch GET 304 https://registry.npmjs.org/sax 55ms (from cache)
248 silly pacote version manifest for jmespath@0.15.0 fetched in 57ms
249 silly resolveWithNewModule jmespath@0.15.0 checking installable status
250 silly pacote version manifest for querystring@0.2.0 fetched in 58ms
251 silly resolveWithNewModule querystring@0.2.0 checking installable status
252 silly pacote version manifest for url@0.10.3 fetched in 56ms
253 silly resolveWithNewModule url@0.10.3 checking installable status
254 silly pacote version manifest for xml2js@0.4.17 fetched in 57ms
255 silly resolveWithNewModule xml2js@0.4.17 checking installable status
256 silly pacote version manifest for sax@1.2.1 fetched in 59ms
257 silly resolveWithNewModule sax@1.2.1 checking installable status
258 http fetch GET 304 https://registry.npmjs.org/xmlbuilder 60ms (from cache)
259 silly pacote version manifest for xmlbuilder@4.2.1 fetched in 62ms
260 silly resolveWithNewModule xmlbuilder@4.2.1 checking installable status
261 http fetch GET 304 https://registry.npmjs.org/punycode 37ms (from cache)
262 silly pacote version manifest for punycode@1.3.2 fetched in 39ms
263 silly resolveWithNewModule punycode@1.3.2 checking installable status
264 http fetch GET 304 https://registry.npmjs.org/follow-redirects 34ms (from cache)
265 silly pacote range manifest for follow-redirects@^1.2.5 fetched in 36ms
266 silly resolveWithNewModule follow-redirects@1.7.0 checking installable status
267 http fetch GET 304 https://registry.npmjs.org/is-buffer 38ms (from cache)
268 silly pacote range manifest for is-buffer@^1.1.5 fetched in 39ms
269 silly resolveWithNewModule is-buffer@1.1.6 checking installable status
270 http fetch GET 304 https://registry.npmjs.org/debug 42ms (from cache)
271 silly pacote range manifest for debug@^3.2.6 fetched in 45ms
272 silly resolveWithNewModule debug@3.2.6 checking installable status
273 http fetch GET 304 https://registry.npmjs.org/ms 39ms (from cache)
274 silly pacote range manifest for ms@^2.1.1 fetched in 41ms
275 silly resolveWithNewModule ms@2.1.2 checking installable status
276 silly pacote version manifest for buffer@4.9.1 fetched in 7ms
277 silly resolveWithNewModule buffer@4.9.1 checking installable status
278 silly pacote version manifest for ieee754@1.1.8 fetched in 10ms
279 silly resolveWithNewModule ieee754@1.1.8 checking installable status
280 silly pacote version manifest for xml2js@0.4.19 fetched in 11ms
281 silly resolveWithNewModule xml2js@0.4.19 checking installable status
282 silly pacote version manifest for uuid@3.3.2 fetched in 12ms
283 silly resolveWithNewModule uuid@3.3.2 checking installable status
284 silly pacote range manifest for xmlbuilder@~9.0.1 fetched in 2ms
285 silly resolveWithNewModule xmlbuilder@9.0.7 checking installable status
286 http fetch GET 304 https://registry.npmjs.org/escape-string-regexp 43ms (from cache)
287 http fetch GET 304 https://registry.npmjs.org/supports-color 44ms (from cache)
288 silly pacote range manifest for escape-string-regexp@^1.0.5 fetched in 46ms
289 silly resolveWithNewModule escape-string-regexp@1.0.5 checking installable status
290 silly pacote range manifest for supports-color@^5.3.0 fetched in 46ms
291 silly resolveWithNewModule supports-color@5.5.0 checking installable status
292 http fetch GET 304 https://registry.npmjs.org/ansi-styles 100ms (from cache)
293 silly pacote range manifest for ansi-styles@^3.2.1 fetched in 101ms
294 silly resolveWithNewModule ansi-styles@3.2.1 checking installable status
295 http fetch GET 304 https://registry.npmjs.org/color-convert 32ms (from cache)
296 silly pacote range manifest for color-convert@^1.9.0 fetched in 34ms
297 silly resolveWithNewModule color-convert@1.9.3 checking installable status
298 http fetch GET 304 https://registry.npmjs.org/color-name 33ms (from cache)
299 silly pacote version manifest for color-name@1.1.3 fetched in 35ms
300 silly resolveWithNewModule color-name@1.1.3 checking installable status
301 http fetch GET 304 https://registry.npmjs.org/has-flag 34ms (from cache)
302 silly pacote range manifest for has-flag@^3.0.0 fetched in 35ms
303 silly resolveWithNewModule has-flag@3.0.0 checking installable status
304 http fetch GET 304 https://registry.npmjs.org/download 38ms (from cache)
305 http fetch GET 304 https://registry.npmjs.org/git-clone 41ms (from cache)
306 http fetch GET 304 https://registry.npmjs.org/rimraf 41ms (from cache)
307 silly pacote range manifest for download@^5.0.3 fetched in 43ms
308 silly resolveWithNewModule download@5.0.3 checking installable status
309 silly pacote range manifest for git-clone@^0.1.0 fetched in 43ms
310 silly resolveWithNewModule git-clone@0.1.0 checking installable status
311 silly pacote range manifest for rimraf@^2.6.1 fetched in 43ms
312 silly resolveWithNewModule rimraf@2.7.1 checking installable status
313 http fetch GET 304 https://registry.npmjs.org/caw 49ms (from cache)
314 silly pacote range manifest for caw@^2.0.0 fetched in 52ms
315 silly resolveWithNewModule caw@2.0.1 checking installable status
316 http fetch GET 304 https://registry.npmjs.org/get-stream 53ms (from cache)
317 http fetch GET 304 https://registry.npmjs.org/filenamify 53ms (from cache)
318 silly pacote range manifest for get-stream@^3.0.0 fetched in 55ms
319 silly resolveWithNewModule get-stream@3.0.0 checking installable status
320 http fetch GET 304 https://registry.npmjs.org/mkdirp 54ms (from cache)
321 http fetch GET 304 https://registry.npmjs.org/decompress 56ms (from cache)
322 silly pacote range manifest for filenamify@^2.0.0 fetched in 57ms
323 silly resolveWithNewModule filenamify@2.1.0 checking installable status
324 http fetch GET 304 https://registry.npmjs.org/pify 57ms (from cache)
325 silly pacote range manifest for mkdirp@^0.5.1 fetched in 58ms
326 silly resolveWithNewModule mkdirp@0.5.1 checking installable status
327 http fetch GET 304 https://registry.npmjs.org/got 58ms (from cache)
328 silly pacote range manifest for decompress@^4.0.0 fetched in 61ms
329 silly resolveWithNewModule decompress@4.2.0 checking installable status
330 silly pacote range manifest for pify@^2.3.0 fetched in 61ms
331 silly resolveWithNewModule pify@2.3.0 checking installable status
332 silly pacote range manifest for got@^6.3.0 fetched in 62ms
333 silly resolveWithNewModule got@6.7.1 checking installable status
334 http fetch GET 304 https://registry.npmjs.org/isurl 30ms (from cache)
335 silly pacote range manifest for isurl@^1.0.0-alpha5 fetched in 32ms
336 silly resolveWithNewModule isurl@1.0.0 checking installable status
337 http fetch GET 304 https://registry.npmjs.org/tunnel-agent 37ms (from cache)
338 http fetch GET 304 https://registry.npmjs.org/get-proxy 39ms (from cache)
339 silly pacote range manifest for tunnel-agent@^0.6.0 fetched in 39ms
340 silly resolveWithNewModule tunnel-agent@0.6.0 checking installable status
341 silly pacote range manifest for get-proxy@^2.0.0 fetched in 41ms
342 silly resolveWithNewModule get-proxy@2.1.0 checking installable status
343 http fetch GET 304 https://registry.npmjs.org/url-to-options 42ms (from cache)
344 silly pacote range manifest for url-to-options@^1.0.1 fetched in 43ms
345 silly resolveWithNewModule url-to-options@1.0.1 checking installable status
346 http fetch GET 304 https://registry.npmjs.org/npm-conf 35ms (from cache)
347 silly pacote range manifest for npm-conf@^1.1.0 fetched in 36ms
348 silly resolveWithNewModule npm-conf@1.1.3 checking installable status
349 silly pacote range manifest for pify@^3.0.0 fetched in 1ms
350 silly resolveWithNewModule pify@3.0.0 checking installable status
351 http fetch GET 304 https://registry.npmjs.org/config-chain 33ms (from cache)
352 silly pacote range manifest for config-chain@^1.1.11 fetched in 34ms
353 silly resolveWithNewModule config-chain@1.1.12 checking installable status
354 http fetch GET 304 https://registry.npmjs.org/proto-list 31ms (from cache)
355 silly pacote range manifest for proto-list@~1.2.1 fetched in 33ms
356 silly resolveWithNewModule proto-list@1.2.4 checking installable status
357 http fetch GET 304 https://registry.npmjs.org/ini 38ms (from cache)
358 silly pacote range manifest for ini@^1.3.4 fetched in 39ms
359 silly resolveWithNewModule ini@1.3.5 checking installable status
360 http fetch GET 304 https://registry.npmjs.org/is-object 53ms (from cache)
361 silly pacote range manifest for is-object@^1.0.1 fetched in 54ms
362 silly resolveWithNewModule is-object@1.0.1 checking installable status
363 http fetch GET 304 https://registry.npmjs.org/has-to-string-tag-x 293ms (from cache)
364 silly pacote range manifest for has-to-string-tag-x@^1.2.0 fetched in 298ms
365 silly resolveWithNewModule has-to-string-tag-x@1.4.1 checking installable status
366 http fetch GET 304 https://registry.npmjs.org/has-symbol-support-x 42ms (from cache)
367 silly pacote range manifest for has-symbol-support-x@^1.4.1 fetched in 45ms
368 silly resolveWithNewModule has-symbol-support-x@1.4.2 checking installable status
369 http fetch GET 304 https://registry.npmjs.org/decompress-tar 35ms (from cache)
370 silly pacote range manifest for decompress-tar@^4.0.0 fetched in 40ms
371 silly resolveWithNewModule decompress-tar@4.1.1 checking installable status
372 http fetch GET 304 https://registry.npmjs.org/make-dir 46ms (from cache)
373 silly pacote range manifest for make-dir@^1.0.0 fetched in 48ms
374 silly resolveWithNewModule make-dir@1.3.0 checking installable status
375 http fetch GET 304 https://registry.npmjs.org/decompress-targz 50ms (from cache)
376 http fetch GET 304 https://registry.npmjs.org/strip-dirs 49ms (from cache)
377 http fetch GET 304 https://registry.npmjs.org/decompress-unzip 51ms (from cache)
378 silly pacote range manifest for decompress-targz@^4.0.0 fetched in 52ms
379 silly resolveWithNewModule decompress-targz@4.1.1 checking installable status
380 silly pacote range manifest for strip-dirs@^2.0.0 fetched in 51ms
381 silly resolveWithNewModule strip-dirs@2.1.0 checking installable status
382 silly pacote range manifest for decompress-unzip@^4.0.1 fetched in 53ms
383 silly resolveWithNewModule decompress-unzip@4.0.1 checking installable status
384 http fetch GET 304 https://registry.npmjs.org/decompress-tarbz2 109ms (from cache)
385 silly pacote range manifest for decompress-tarbz2@^4.0.0 fetched in 111ms
386 silly resolveWithNewModule decompress-tarbz2@4.1.1 checking installable status
387 http fetch GET 304 https://registry.npmjs.org/file-type 42ms (from cache)
388 http fetch GET 304 https://registry.npmjs.org/is-stream 42ms (from cache)
389 silly pacote range manifest for file-type@^5.2.0 fetched in 45ms
390 silly resolveWithNewModule file-type@5.2.0 checking installable status
391 silly pacote range manifest for is-stream@^1.1.0 fetched in 44ms
392 silly resolveWithNewModule is-stream@1.1.0 checking installable status
393 silly pacote range manifest for file-type@^6.1.0 fetched in 3ms
394 silly resolveWithNewModule file-type@6.2.0 checking installable status
395 http fetch GET 304 https://registry.npmjs.org/seek-bzip 41ms (from cache)
396 http fetch GET 304 https://registry.npmjs.org/unbzip2-stream 42ms (from cache)
397 silly pacote range manifest for seek-bzip@^1.0.5 fetched in 43ms
398 silly resolveWithNewModule seek-bzip@1.0.5 checking installable status
399 silly pacote range manifest for unbzip2-stream@^1.0.9 fetched in 44ms
400 silly resolveWithNewModule unbzip2-stream@1.3.3 checking installable status
401 silly pacote range manifest for commander@~2.8.1 fetched in 2ms
402 silly resolveWithNewModule commander@2.8.1 checking installable status
403 http fetch GET 304 https://registry.npmjs.org/graceful-readlink 32ms (from cache)
404 silly pacote range manifest for graceful-readlink@>= 1.0.0 fetched in 33ms
405 silly resolveWithNewModule graceful-readlink@1.0.1 checking installable status
406 http fetch GET 304 https://registry.npmjs.org/through 30ms (from cache)
407 silly pacote range manifest for through@^2.3.8 fetched in 32ms
408 silly resolveWithNewModule through@2.3.8 checking installable status
409 silly pacote range manifest for file-type@^3.8.0 fetched in 3ms
410 silly resolveWithNewModule file-type@3.9.0 checking installable status
411 silly pacote range manifest for get-stream@^2.2.0 fetched in 3ms
412 silly resolveWithNewModule get-stream@2.3.1 checking installable status
413 http fetch GET 304 https://registry.npmjs.org/yauzl 37ms (from cache)
414 silly pacote range manifest for yauzl@^2.4.2 fetched in 42ms
415 silly resolveWithNewModule yauzl@2.10.0 checking installable status
416 http fetch GET 304 https://registry.npmjs.org/object-assign 36ms (from cache)
417 http fetch GET 304 https://registry.npmjs.org/pinkie-promise 37ms (from cache)
418 silly pacote range manifest for object-assign@^4.0.1 fetched in 39ms
419 silly resolveWithNewModule object-assign@4.1.1 checking installable status
420 silly pacote range manifest for pinkie-promise@^2.0.0 fetched in 42ms
421 silly resolveWithNewModule pinkie-promise@2.0.1 checking installable status
422 http fetch GET 304 https://registry.npmjs.org/pinkie 48ms (from cache)
423 silly pacote range manifest for pinkie@^2.0.0 fetched in 50ms
424 silly resolveWithNewModule pinkie@2.0.4 checking installable status
425 http fetch GET 304 https://registry.npmjs.org/fd-slicer 37ms (from cache)
426 silly pacote range manifest for fd-slicer@~1.1.0 fetched in 39ms
427 silly resolveWithNewModule fd-slicer@1.1.0 checking installable status
428 http fetch GET 304 https://registry.npmjs.org/pend 37ms (from cache)
429 silly pacote range manifest for pend@~1.2.0 fetched in 38ms
430 silly resolveWithNewModule pend@1.2.0 checking installable status
431 silly pacote range manifest for pify@^3.0.0 fetched in 1ms
432 silly resolveWithNewModule pify@3.0.0 checking installable status
433 http fetch GET 304 https://registry.npmjs.org/is-natural-number 32ms (from cache)
434 silly pacote range manifest for is-natural-number@^4.0.1 fetched in 34ms
435 silly resolveWithNewModule is-natural-number@4.0.1 checking installable status
436 http fetch GET 304 https://registry.npmjs.org/filename-reserved-regex 37ms (from cache)
437 http fetch GET 304 https://registry.npmjs.org/trim-repeated 37ms (from cache)
438 http fetch GET 304 https://registry.npmjs.org/strip-outer 38ms (from cache)
439 silly pacote range manifest for trim-repeated@^1.0.0 fetched in 38ms
440 silly resolveWithNewModule trim-repeated@1.0.0 checking installable status
441 silly pacote range manifest for filename-reserved-regex@^2.0.0 fetched in 39ms
442 silly resolveWithNewModule filename-reserved-regex@2.0.0 checking installable status
443 silly pacote range manifest for strip-outer@^1.0.0 fetched in 39ms
444 silly resolveWithNewModule strip-outer@1.0.1 checking installable status
445 http fetch GET 304 https://registry.npmjs.org/duplexer3 39ms (from cache)
446 silly pacote range manifest for duplexer3@^0.1.4 fetched in 42ms
447 silly resolveWithNewModule duplexer3@0.1.4 checking installable status
448 http fetch GET 304 https://registry.npmjs.org/create-error-class 46ms (from cache)
449 http fetch GET 304 https://registry.npmjs.org/is-redirect 46ms (from cache)
450 http fetch GET 304 https://registry.npmjs.org/is-retry-allowed 46ms (from cache)
451 silly pacote range manifest for create-error-class@^3.0.0 fetched in 49ms
452 silly resolveWithNewModule create-error-class@3.0.2 checking installable status
453 silly pacote range manifest for is-redirect@^1.0.0 fetched in 48ms
454 silly resolveWithNewModule is-redirect@1.0.0 checking installable status
455 silly pacote range manifest for is-retry-allowed@^1.0.0 fetched in 49ms
456 silly resolveWithNewModule is-retry-allowed@1.1.0 checking installable status
457 http fetch GET 304 https://registry.npmjs.org/url-parse-lax 49ms (from cache)
458 silly pacote range manifest for url-parse-lax@^1.0.0 fetched in 51ms
459 silly resolveWithNewModule url-parse-lax@1.0.0 checking installable status
460 http fetch GET 304 https://registry.npmjs.org/timed-out 54ms (from cache)
461 http fetch GET 304 https://registry.npmjs.org/lowercase-keys 54ms (from cache)
462 http fetch GET 304 https://registry.npmjs.org/unzip-response 54ms (from cache)
463 silly pacote range manifest for timed-out@^4.0.0 fetched in 55ms
464 silly resolveWithNewModule timed-out@4.0.1 checking installable status
465 silly pacote range manifest for lowercase-keys@^1.0.0 fetched in 56ms
466 silly resolveWithNewModule lowercase-keys@1.0.1 checking installable status
467 silly pacote range manifest for unzip-response@^2.0.1 fetched in 56ms
468 silly resolveWithNewModule unzip-response@2.0.1 checking installable status
469 http fetch GET 304 https://registry.npmjs.org/capture-stack-trace 35ms (from cache)
470 silly pacote range manifest for capture-stack-trace@^1.0.0 fetched in 35ms
471 silly resolveWithNewModule capture-stack-trace@1.0.1 checking installable status
472 http fetch GET 304 https://registry.npmjs.org/prepend-http 37ms (from cache)
473 silly pacote range manifest for prepend-http@^1.0.1 fetched in 38ms
474 silly resolveWithNewModule prepend-http@1.0.4 checking installable status
475 http fetch GET 304 https://registry.npmjs.org/minimist 51ms (from cache)
476 silly pacote version manifest for minimist@0.0.8 fetched in 52ms
477 silly resolveWithNewModule minimist@0.0.8 checking installable status
478 silly pacote version manifest for yauzl@2.4.1 fetched in 1ms
479 silly resolveWithNewModule yauzl@2.4.1 checking installable status
480 silly pacote version manifest for debug@2.6.9 fetched in 3ms
481 silly resolveWithNewModule debug@2.6.9 checking installable status
482 http fetch GET 304 https://registry.npmjs.org/concat-stream 32ms (from cache)
483 silly pacote version manifest for concat-stream@1.6.2 fetched in 33ms
484 silly resolveWithNewModule concat-stream@1.6.2 checking installable status
485 http fetch GET 304 https://registry.npmjs.org/buffer-from 35ms (from cache)
486 http fetch GET 304 https://registry.npmjs.org/typedarray 36ms (from cache)
487 silly pacote range manifest for buffer-from@^1.0.0 fetched in 37ms
488 silly resolveWithNewModule buffer-from@1.1.1 checking installable status
489 silly pacote range manifest for typedarray@^0.0.6 fetched in 38ms
490 silly resolveWithNewModule typedarray@0.0.6 checking installable status
491 silly pacote version manifest for ms@2.0.0 fetched in 1ms
492 silly resolveWithNewModule ms@2.0.0 checking installable status
493 silly pacote range manifest for fd-slicer@~1.0.1 fetched in 2ms
494 silly resolveWithNewModule fd-slicer@1.0.1 checking installable status
495 http fetch GET 304 https://registry.npmjs.org/jsonfile 33ms (from cache)
496 silly pacote range manifest for jsonfile@^4.0.0 fetched in 38ms
497 silly resolveWithNewModule jsonfile@4.0.0 checking installable status
498 http fetch GET 304 https://registry.npmjs.org/universalify 38ms (from cache)
499 silly pacote range manifest for universalify@^0.1.0 fetched in 40ms
500 silly resolveWithNewModule universalify@0.1.2 checking installable status
501 http fetch GET 304 https://registry.npmjs.org/iterall 38ms (from cache)
502 silly pacote range manifest for iterall@^1.2.1 fetched in 39ms
503 silly resolveWithNewModule iterall@1.2.2 checking installable status
504 http fetch GET 304 https://registry.npmjs.org/cli-cursor 50ms (from cache)
505 silly pacote range manifest for cli-cursor@^2.1.0 fetched in 54ms
506 silly resolveWithNewModule cli-cursor@2.1.0 checking installable status
507 http fetch GET 304 https://registry.npmjs.org/ansi-escapes 61ms (from cache)
508 http fetch GET 304 https://registry.npmjs.org/mute-stream 62ms (from cache)
509 http fetch GET 304 https://registry.npmjs.org/run-async 63ms (from cache)
510 silly pacote range manifest for ansi-escapes@^3.0.0 fetched in 65ms
511 silly resolveWithNewModule ansi-escapes@3.2.0 checking installable status
512 http fetch GET 304 https://registry.npmjs.org/rx-lite 65ms (from cache)
513 silly pacote version manifest for mute-stream@0.0.7 fetched in 66ms
514 silly resolveWithNewModule mute-stream@0.0.7 checking installable status
515 silly pacote range manifest for run-async@^2.2.0 fetched in 67ms
516 silly resolveWithNewModule run-async@2.3.0 checking installable status
517 http fetch GET 304 https://registry.npmjs.org/figures 70ms (from cache)
518 http fetch GET 304 https://registry.npmjs.org/rx-lite-aggregates 70ms (from cache)
519 silly pacote range manifest for rx-lite@^4.0.8 fetched in 70ms
520 silly resolveWithNewModule rx-lite@4.0.8 checking installable status
521 http fetch GET 304 https://registry.npmjs.org/string-width 71ms (from cache)
522 silly pacote range manifest for figures@^2.0.0 fetched in 73ms
523 silly resolveWithNewModule figures@2.0.0 checking installable status
524 silly pacote range manifest for rx-lite-aggregates@^4.0.8 fetched in 72ms
525 silly resolveWithNewModule rx-lite-aggregates@4.0.8 checking installable status
526 silly pacote range manifest for string-width@^2.1.0 fetched in 72ms
527 silly resolveWithNewModule string-width@2.1.1 checking installable status
528 http fetch GET 304 https://registry.npmjs.org/cli-width 74ms (from cache)
529 silly pacote range manifest for cli-width@^2.0.0 fetched in 75ms
530 silly resolveWithNewModule cli-width@2.2.0 checking installable status
531 http fetch GET 304 https://registry.npmjs.org/external-editor 84ms (from cache)
532 silly pacote range manifest for external-editor@^2.0.4 fetched in 85ms
533 silly resolveWithNewModule external-editor@2.2.0 checking installable status
534 http fetch GET 304 https://registry.npmjs.org/strip-ansi 40ms (from cache)
535 silly pacote range manifest for strip-ansi@^4.0.0 fetched in 41ms
536 silly resolveWithNewModule strip-ansi@4.0.0 checking installable status
537 http fetch GET 304 https://registry.npmjs.org/restore-cursor 32ms (from cache)
538 silly pacote range manifest for restore-cursor@^2.0.0 fetched in 33ms
539 silly resolveWithNewModule restore-cursor@2.0.0 checking installable status
540 http fetch GET 304 https://registry.npmjs.org/signal-exit 35ms (from cache)
541 silly pacote range manifest for signal-exit@^3.0.2 fetched in 37ms
542 silly resolveWithNewModule signal-exit@3.0.2 checking installable status
543 http fetch GET 304 https://registry.npmjs.org/onetime 37ms (from cache)
544 silly pacote range manifest for onetime@^2.0.0 fetched in 39ms
545 silly resolveWithNewModule onetime@2.0.1 checking installable status
546 http fetch GET 304 https://registry.npmjs.org/mimic-fn 36ms (from cache)
547 silly pacote range manifest for mimic-fn@^1.0.0 fetched in 37ms
548 silly resolveWithNewModule mimic-fn@1.2.0 checking installable status
549 http fetch GET 304 https://registry.npmjs.org/chardet 42ms (from cache)
550 http fetch GET 304 https://registry.npmjs.org/iconv-lite 44ms (from cache)
551 silly pacote range manifest for chardet@^0.4.0 fetched in 45ms
552 silly resolveWithNewModule chardet@0.4.2 checking installable status
553 silly pacote range manifest for iconv-lite@^0.4.17 fetched in 46ms
554 silly resolveWithNewModule iconv-lite@0.4.24 checking installable status
555 http fetch GET 304 https://registry.npmjs.org/tmp 47ms (from cache)
556 silly pacote range manifest for tmp@^0.0.33 fetched in 48ms
557 silly resolveWithNewModule tmp@0.0.33 checking installable status
558 http fetch GET 304 https://registry.npmjs.org/safer-buffer 35ms (from cache)
559 silly pacote range manifest for safer-buffer@>= 2.1.2 < 3 fetched in 36ms
560 silly resolveWithNewModule safer-buffer@2.1.2 checking installable status
561 http fetch GET 304 https://registry.npmjs.org/os-tmpdir 39ms (from cache)
562 silly pacote range manifest for os-tmpdir@~1.0.2 fetched in 41ms
563 silly resolveWithNewModule os-tmpdir@1.0.2 checking installable status
564 http fetch GET 304 https://registry.npmjs.org/is-promise 44ms (from cache)
565 silly pacote range manifest for is-promise@^2.1.0 fetched in 46ms
566 silly resolveWithNewModule is-promise@2.1.0 checking installable status
567 http fetch GET 304 https://registry.npmjs.org/is-fullwidth-code-point 34ms (from cache)
568 silly pacote range manifest for is-fullwidth-code-point@^2.0.0 fetched in 36ms
569 silly resolveWithNewModule is-fullwidth-code-point@2.0.0 checking installable status
570 http fetch GET 304 https://registry.npmjs.org/ansi-regex 38ms (from cache)
571 silly pacote range manifest for ansi-regex@^3.0.0 fetched in 39ms
572 silly resolveWithNewModule ansi-regex@3.0.0 checking installable status
573 http fetch GET 304 https://registry.npmjs.org/esprima 39ms (from cache)
574 http fetch GET 304 https://registry.npmjs.org/argparse 40ms (from cache)
575 silly pacote range manifest for esprima@^4.0.0 fetched in 42ms
576 silly resolveWithNewModule esprima@4.0.1 checking installable status
577 silly pacote range manifest for argparse@^1.0.7 fetched in 43ms
578 silly resolveWithNewModule argparse@1.0.10 checking installable status
579 http fetch GET 304 https://registry.npmjs.org/sprintf-js 41ms (from cache)
580 silly pacote range manifest for sprintf-js@~1.0.2 fetched in 43ms
581 silly resolveWithNewModule sprintf-js@1.0.3 checking installable status
582 http fetch GET 304 https://registry.npmjs.org/mime-db 34ms (from cache)
583 silly pacote version manifest for mime-db@1.40.0 fetched in 35ms
584 silly resolveWithNewModule mime-db@1.40.0 checking installable status
585 http fetch GET 304 https://registry.npmjs.org/is-wsl 34ms (from cache)
586 silly pacote range manifest for is-wsl@^1.1.0 fetched in 37ms
587 silly resolveWithNewModule is-wsl@1.1.0 checking installable status
588 http fetch GET 304 https://registry.npmjs.org/cli-spinners 30ms (from cache)
589 silly pacote range manifest for cli-spinners@^1.0.1 fetched in 31ms
590 silly resolveWithNewModule cli-spinners@1.3.1 checking installable status
591 http fetch GET 304 https://registry.npmjs.org/log-symbols 36ms (from cache)
592 silly pacote range manifest for log-symbols@^2.1.0 fetched in 37ms
593 silly resolveWithNewModule log-symbols@2.2.0 checking installable status
594 http fetch GET 304 https://registry.npmjs.org/process 38ms (from cache)
595 silly pacote range manifest for process@^0.11.1 fetched in 40ms
596 silly resolveWithNewModule process@0.11.10 checking installable status
597 silly pacote version manifest for inherits@2.0.3 fetched in 1ms
598 silly resolveWithNewModule inherits@2.0.3 checking installable status
599 silly currentTree lib
600 silly idealTree lib
600 silly idealTree `-- awsmobile-cli@1.1.7
600 silly idealTree   +-- amazon-cognito-identity-js@2.0.30
600 silly idealTree   | `-- buffer@4.9.1
600 silly idealTree   +-- ansi-escapes@3.2.0
600 silly idealTree   +-- ansi-regex@3.0.0
600 silly idealTree   +-- ansi-styles@3.2.1
600 silly idealTree   +-- archiver-utils@1.3.0
600 silly idealTree   +-- archiver@2.1.1
600 silly idealTree   +-- argparse@1.0.10
600 silly idealTree   +-- async@2.6.3
600 silly idealTree   +-- aws-amplify@0.2.15
600 silly idealTree   | +-- aws-sdk@2.198.0
600 silly idealTree   | | `-- uuid@3.1.0
600 silly idealTree   | `-- buffer@4.9.1
600 silly idealTree   +-- aws-sdk@2.514.0
600 silly idealTree   | +-- buffer@4.9.1
600 silly idealTree   | +-- ieee754@1.1.8
600 silly idealTree   | +-- uuid@3.3.2
600 silly idealTree   | +-- xml2js@0.4.19
600 silly idealTree   | `-- xmlbuilder@9.0.7
600 silly idealTree   +-- axios@0.17.1
600 silly idealTree   +-- balanced-match@1.0.0
600 silly idealTree   +-- base64-js@1.3.1
600 silly idealTree   +-- bl@1.2.2
600 silly idealTree   +-- brace-expansion@1.1.11
600 silly idealTree   +-- buffer-alloc-unsafe@1.1.0
600 silly idealTree   +-- buffer-alloc@1.2.0
600 silly idealTree   +-- buffer-crc32@0.2.13
600 silly idealTree   +-- buffer-fill@1.0.0
600 silly idealTree   +-- buffer-from@1.1.1
600 silly idealTree   +-- buffer@5.4.0
600 silly idealTree   +-- capture-stack-trace@1.0.1
600 silly idealTree   +-- caw@2.0.1
600 silly idealTree   +-- chalk@2.4.2
600 silly idealTree   +-- chardet@0.4.2
600 silly idealTree   +-- cli-cursor@2.1.0
600 silly idealTree   +-- cli-spinners@1.3.1
600 silly idealTree   +-- cli-width@2.2.0
600 silly idealTree   +-- color-convert@1.9.3
600 silly idealTree   +-- color-name@1.1.3
600 silly idealTree   +-- commander@2.20.0
600 silly idealTree   +-- compress-commons@1.2.2
600 silly idealTree   +-- concat-map@0.0.1
600 silly idealTree   +-- concat-stream@1.6.2
600 silly idealTree   +-- config-chain@1.1.12
600 silly idealTree   +-- core-util-is@1.0.2
600 silly idealTree   +-- crc@3.8.0
600 silly idealTree   +-- crc32-stream@2.0.0
600 silly idealTree   +-- create-error-class@3.0.2
600 silly idealTree   +-- crypto-browserify@1.0.9
600 silly idealTree   +-- debug@3.2.6
600 silly idealTree   +-- decompress-tar@4.1.1
600 silly idealTree   +-- decompress-tarbz2@4.1.1
600 silly idealTree   | `-- file-type@6.2.0
600 silly idealTree   +-- decompress-targz@4.1.1
600 silly idealTree   +-- decompress-unzip@4.0.1
600 silly idealTree   | +-- file-type@3.9.0
600 silly idealTree   | `-- get-stream@2.3.1
600 silly idealTree   +-- decompress@4.2.0
600 silly idealTree   +-- deep-equal@1.0.1
600 silly idealTree   +-- download-git-repo@1.1.0
600 silly idealTree   +-- download@5.0.3
600 silly idealTree   +-- duplexer3@0.1.4
600 silly idealTree   +-- end-of-stream@1.4.1
600 silly idealTree   +-- escape-string-regexp@1.0.5
600 silly idealTree   +-- esprima@4.0.1
600 silly idealTree   +-- events@1.1.1
600 silly idealTree   +-- external-editor@2.2.0
600 silly idealTree   +-- extract-zip@1.6.7
600 silly idealTree   | +-- debug@2.6.9
600 silly idealTree   | +-- fd-slicer@1.0.1
600 silly idealTree   | +-- ms@2.0.0
600 silly idealTree   | `-- yauzl@2.4.1
600 silly idealTree   +-- fd-slicer@1.1.0
600 silly idealTree   +-- figures@2.0.0
600 silly idealTree   +-- file-type@5.2.0
600 silly idealTree   +-- filename-reserved-regex@2.0.0
600 silly idealTree   +-- filenamify@2.1.0
600 silly idealTree   +-- follow-redirects@1.7.0
600 silly idealTree   +-- fs-constants@1.0.0
600 silly idealTree   +-- fs-extra@4.0.3
600 silly idealTree   +-- fs.realpath@1.0.0
600 silly idealTree   +-- get-proxy@2.1.0
600 silly idealTree   +-- get-stream@3.0.0
600 silly idealTree   +-- git-clone@0.1.0
600 silly idealTree   +-- glob@7.1.4
600 silly idealTree   +-- got@6.7.1
600 silly idealTree   +-- graceful-fs@4.2.2
600 silly idealTree   +-- graceful-readlink@1.0.1
600 silly idealTree   +-- graphql@0.13.2
600 silly idealTree   +-- has-flag@3.0.0
600 silly idealTree   +-- has-symbol-support-x@1.4.2
600 silly idealTree   +-- has-to-string-tag-x@1.4.1
600 silly idealTree   +-- http@0.0.0
600 silly idealTree   +-- https@1.0.0
600 silly idealTree   +-- iconv-lite@0.4.24
600 silly idealTree   +-- ieee754@1.1.13
600 silly idealTree   +-- inflight@1.0.6
600 silly idealTree   +-- inherits@2.0.4
600 silly idealTree   +-- ini@1.3.5
600 silly idealTree   +-- inquirer@3.3.0
600 silly idealTree   +-- is-buffer@1.1.6
600 silly idealTree   +-- is-fullwidth-code-point@2.0.0
600 silly idealTree   +-- is-natural-number@4.0.1
600 silly idealTree   +-- is-object@1.0.1
600 silly idealTree   +-- is-promise@2.1.0
600 silly idealTree   +-- is-redirect@1.0.0
600 silly idealTree   +-- is-retry-allowed@1.1.0
600 silly idealTree   +-- is-stream@1.1.0
600 silly idealTree   +-- is-wsl@1.1.0
600 silly idealTree   +-- isarray@1.0.0
600 silly idealTree   +-- isurl@1.0.0
600 silly idealTree   +-- iterall@1.2.2
600 silly idealTree   +-- jmespath@0.15.0
600 silly idealTree   +-- js-cookie@2.2.1
600 silly idealTree   +-- js-yaml@3.13.1
600 silly idealTree   +-- jsonfile@4.0.0
600 silly idealTree   +-- lazystream@1.0.0
600 silly idealTree   +-- lodash@4.17.15
600 silly idealTree   +-- log-symbols@2.2.0
600 silly idealTree   +-- lowercase-keys@1.0.1
600 silly idealTree   +-- make-dir@1.3.0
600 silly idealTree   | `-- pify@3.0.0
600 silly idealTree   +-- mime-db@1.40.0
600 silly idealTree   +-- mime-types@2.1.24
600 silly idealTree   +-- mimic-fn@1.2.0
600 silly idealTree   +-- minimatch@3.0.4
600 silly idealTree   +-- minimist@0.0.8
600 silly idealTree   +-- mkdirp@0.5.1
600 silly idealTree   +-- moment@2.24.0
600 silly idealTree   +-- ms@2.1.2
600 silly idealTree   +-- mute-stream@0.0.7
600 silly idealTree   +-- n-readlines@0.2.8
600 silly idealTree   +-- normalize-path@2.1.1
600 silly idealTree   +-- npm-conf@1.1.3
600 silly idealTree   | `-- pify@3.0.0
600 silly idealTree   +-- object-assign@4.1.1
600 silly idealTree   +-- once@1.4.0
600 silly idealTree   +-- onetime@2.0.1
600 silly idealTree   +-- opn@5.5.0
600 silly idealTree   +-- ora@1.4.0
600 silly idealTree   +-- os-tmpdir@1.0.2
600 silly idealTree   +-- os@0.1.1
600 silly idealTree   +-- paho-mqtt@1.1.0
600 silly idealTree   +-- path-is-absolute@1.0.1
600 silly idealTree   +-- path@0.12.7
600 silly idealTree   +-- pend@1.2.0
600 silly idealTree   +-- pify@2.3.0
600 silly idealTree   +-- pinkie-promise@2.0.1
600 silly idealTree   +-- pinkie@2.0.4
600 silly idealTree   +-- prepend-http@1.0.4
600 silly idealTree   +-- process-nextick-args@2.0.1
600 silly idealTree   +-- process@0.11.10
600 silly idealTree   +-- proto-list@1.2.4
600 silly idealTree   +-- punycode@1.3.2
600 silly idealTree   +-- querystring@0.2.0
600 silly idealTree   +-- readable-stream@2.3.6
600 silly idealTree   +-- remove-trailing-separator@1.1.0
600 silly idealTree   +-- restore-cursor@2.0.0
600 silly idealTree   +-- rimraf@2.7.1
600 silly idealTree   +-- run-async@2.3.0
600 silly idealTree   +-- rx-lite-aggregates@4.0.8
600 silly idealTree   +-- rx-lite@4.0.8
600 silly idealTree   +-- safe-buffer@5.1.2
600 silly idealTree   +-- safer-buffer@2.1.2
600 silly idealTree   +-- sax@1.2.1
600 silly idealTree   +-- seek-bzip@1.0.5
600 silly idealTree   | `-- commander@2.8.1
600 silly idealTree   +-- signal-exit@3.0.2
600 silly idealTree   +-- sprintf-js@1.0.3
600 silly idealTree   +-- string_decoder@1.1.1
600 silly idealTree   +-- string-width@2.1.1
600 silly idealTree   +-- strip-ansi@4.0.0
600 silly idealTree   +-- strip-dirs@2.1.0
600 silly idealTree   +-- strip-outer@1.0.1
600 silly idealTree   +-- supports-color@5.5.0
600 silly idealTree   +-- tar-stream@1.6.2
600 silly idealTree   +-- through@2.3.8
600 silly idealTree   +-- timed-out@4.0.1
600 silly idealTree   +-- tmp@0.0.33
600 silly idealTree   +-- to-buffer@1.1.1
600 silly idealTree   +-- trim-repeated@1.0.0
600 silly idealTree   +-- tunnel-agent@0.6.0
600 silly idealTree   +-- typedarray@0.0.6
600 silly idealTree   +-- unbzip2-stream@1.3.3
600 silly idealTree   +-- universalify@0.1.2
600 silly idealTree   +-- unzip-response@2.0.1
600 silly idealTree   +-- url-parse-lax@1.0.0
600 silly idealTree   +-- url-to-options@1.0.1
600 silly idealTree   +-- url@0.10.3
600 silly idealTree   +-- util-deprecate@1.0.2
600 silly idealTree   +-- util@0.10.4
600 silly idealTree   | `-- inherits@2.0.3
600 silly idealTree   +-- uuid@3.3.3
600 silly idealTree   +-- wrappy@1.0.2
600 silly idealTree   +-- xml2js@0.4.17
600 silly idealTree   +-- xmlbuilder@4.2.1
600 silly idealTree   +-- xtend@4.0.2
600 silly idealTree   +-- yauzl@2.10.0
600 silly idealTree   +-- zen-observable@0.8.14
600 silly idealTree   `-- zip-stream@1.2.0
601 silly install generateActionsToTake
602 warn checkPermissions Missing write access to /usr/local/lib/node_modules
603 verbose stack Error: EACCES: permission denied, access '/usr/local/lib/node_modules'
604 verbose cwd /home/kc
605 verbose Linux 5.0.0-25-generic
606 verbose argv "/usr/bin/node" "/usr/bin/npm" "install" "-g" "awsmobile-cli"
607 verbose node v10.15.2
608 verbose npm  v5.8.0
609 error path /usr/local/lib/node_modules
610 error code EACCES
611 error errno -13
612 error syscall access
613 error Error: EACCES: permission denied, access '/usr/local/lib/node_modules'
613 error  { [Error: EACCES: permission denied, access '/usr/local/lib/node_modules']
613 error   stack:
613 error    'Error: EACCES: permission denied, access \'/usr/local/lib/node_modules\'',
613 error   errno: -13,
613 error   code: 'EACCES',
613 error   syscall: 'access',
613 error   path: '/usr/local/lib/node_modules' }
614 error The operation was rejected by your operating system.
614 error It is likely you do not have the permissions to access this file as the current user
614 error
614 error If you believe this might be a permissions issue, please double-check the
614 error permissions of the file and its containing directories, or try running
614 error the command again as root/Administrator (though this is not recommended).
615 verbose exit [ -13, true ]
