0 info it worked if it ends with ok
1 warn npm npm does not support Node.js v10.15.2
2 warn npm You should probably upgrade to a newer version of node as we
3 warn npm can't make any promises that npm will work with this version.
4 warn npm Supported releases of Node.js are the latest release of 4, 6, 7, 8, 9.
5 warn npm You can find the latest version at https://nodejs.org/
6 verbose cli [ '/usr/bin/node', '/usr/bin/npm', 'install', 'npm', '-g' ]
7 info using npm@5.8.0
8 info using node@v10.15.2
9 verbose npm-session 0e4e24c4d117912c
10 silly install loadCurrentTree
11 silly install readGlobalPackageData
12 http fetch GET 200 https://registry.npmjs.org/npm 467ms
13 silly pacote tag manifest for npm@latest fetched in 512ms
14 silly install loadIdealTree
15 silly install cloneCurrentTreeToIdealTree
16 silly install loadShrinkwrap
17 silly install loadAllDepsIntoIdealTree
18 silly resolveWithNewModule npm@6.11.1 checking installable status
19 silly tarball trying https://registry.npmjs.org/npm/-/npm-6.11.1.tgz by hash: sha512-ckV89fITMaOMa1UAbOEvGHtepWhCrlG34fGvr/K4UbD6LiS8Vv85uftpNqK6bbvej9lsXg5MPuFfuq88W91qyA==
20 silly tarball no local data for https://registry.npmjs.org/npm/-/npm-6.11.1.tgz. Extracting by manifest.
21 http fetch GET 200 https://registry.npmjs.org/npm/-/npm-6.11.1.tgz 1452ms
22 silly extract https://registry.npmjs.org/npm/-/npm-6.11.1.tgz extracted to /tmp/npm-31414-d129dae9/unpack-5123c0a8 (1464ms)
23 silly addBundled read tarball
24 silly cleanup remove extracted module
25 silly currentTree lib
26 silly idealTree lib
26 silly idealTree `-- npm@6.11.1
26 silly idealTree   +-- abbrev@1.1.1
26 silly idealTree   +-- agent-base@4.3.0
26 silly idealTree   +-- agentkeepalive@3.5.2
26 silly idealTree   +-- ajv@5.5.2
26 silly idealTree   +-- ansi-align@2.0.0
26 silly idealTree   +-- ansi-regex@2.1.1
26 silly idealTree   +-- ansi-styles@3.2.1
26 silly idealTree   +-- ansicolors@0.3.2
26 silly idealTree   +-- ansistyles@0.1.3
26 silly idealTree   +-- aproba@2.0.0
26 silly idealTree   +-- archy@1.0.0
26 silly idealTree   +-- are-we-there-yet@1.1.4
26 silly idealTree   | +-- readable-stream@2.3.6
26 silly idealTree   | `-- string_decoder@1.1.1
26 silly idealTree   +-- asap@2.0.6
26 silly idealTree   +-- asn1@0.2.4
26 silly idealTree   +-- assert-plus@1.0.0
26 silly idealTree   +-- asynckit@0.4.0
26 silly idealTree   +-- aws-sign2@0.7.0
26 silly idealTree   +-- aws4@1.8.0
26 silly idealTree   +-- balanced-match@1.0.0
26 silly idealTree   +-- bcrypt-pbkdf@1.0.2
26 silly idealTree   +-- bin-links@1.1.3
26 silly idealTree   +-- bluebird@3.5.5
26 silly idealTree   +-- boxen@1.3.0
26 silly idealTree   +-- brace-expansion@1.1.11
26 silly idealTree   +-- buffer-from@1.0.0
26 silly idealTree   +-- builtins@1.0.3
26 silly idealTree   +-- byline@5.0.0
26 silly idealTree   +-- byte-size@5.0.1
26 silly idealTree   +-- cacache@12.0.3
26 silly idealTree   +-- call-limit@1.1.1
26 silly idealTree   +-- camelcase@4.1.0
26 silly idealTree   +-- capture-stack-trace@1.0.0
26 silly idealTree   +-- caseless@0.12.0
26 silly idealTree   +-- chalk@2.4.1
26 silly idealTree   +-- chownr@1.1.2
26 silly idealTree   +-- ci-info@2.0.0
26 silly idealTree   +-- cidr-regex@2.0.10
26 silly idealTree   +-- cli-boxes@1.0.0
26 silly idealTree   +-- cli-columns@3.1.2
26 silly idealTree   +-- cli-table3@0.5.1
26 silly idealTree   +-- cliui@4.1.0
26 silly idealTree   | +-- ansi-regex@3.0.0
26 silly idealTree   | `-- strip-ansi@4.0.0
26 silly idealTree   +-- clone@1.0.4
26 silly idealTree   +-- cmd-shim@3.0.2
26 silly idealTree   +-- co@4.6.0
26 silly idealTree   +-- code-point-at@1.1.0
26 silly idealTree   +-- color-convert@1.9.1
26 silly idealTree   +-- color-name@1.1.3
26 silly idealTree   +-- colors@1.3.3
26 silly idealTree   +-- columnify@1.5.4
26 silly idealTree   +-- combined-stream@1.0.6
26 silly idealTree   +-- concat-map@0.0.1
26 silly idealTree   +-- concat-stream@1.6.2
26 silly idealTree   | +-- readable-stream@2.3.6
26 silly idealTree   | `-- string_decoder@1.1.1
26 silly idealTree   +-- config-chain@1.1.12
26 silly idealTree   +-- configstore@3.1.2
26 silly idealTree   +-- console-control-strings@1.1.0
26 silly idealTree   +-- copy-concurrently@1.0.5
26 silly idealTree   | +-- aproba@1.2.0
26 silly idealTree   | `-- iferr@0.1.5
26 silly idealTree   +-- core-util-is@1.0.2
26 silly idealTree   +-- create-error-class@3.0.2
26 silly idealTree   +-- cross-spawn@5.1.0
26 silly idealTree   | +-- lru-cache@4.1.5
26 silly idealTree   | `-- yallist@2.1.2
26 silly idealTree   +-- crypto-random-string@1.0.0
26 silly idealTree   +-- cyclist@0.2.2
26 silly idealTree   +-- dashdash@1.14.1
26 silly idealTree   +-- debug@3.1.0
26 silly idealTree   | `-- ms@2.0.0
26 silly idealTree   +-- debuglog@1.0.1
26 silly idealTree   +-- decamelize@1.2.0
26 silly idealTree   +-- decode-uri-component@0.2.0
26 silly idealTree   +-- deep-extend@0.5.1
26 silly idealTree   +-- defaults@1.0.3
26 silly idealTree   +-- define-properties@1.1.3
26 silly idealTree   +-- delayed-stream@1.0.0
26 silly idealTree   +-- delegates@1.0.0
26 silly idealTree   +-- detect-indent@5.0.0
26 silly idealTree   +-- detect-newline@2.1.0
26 silly idealTree   +-- dezalgo@1.0.3
26 silly idealTree   +-- dot-prop@4.2.0
26 silly idealTree   +-- dotenv@5.0.1
26 silly idealTree   +-- duplexer3@0.1.4
26 silly idealTree   +-- duplexify@3.6.0
26 silly idealTree   | +-- readable-stream@2.3.6
26 silly idealTree   | `-- string_decoder@1.1.1
26 silly idealTree   +-- ecc-jsbn@0.1.2
26 silly idealTree   +-- editor@1.0.0
26 silly idealTree   +-- encoding@0.1.12
26 silly idealTree   +-- end-of-stream@1.4.1
26 silly idealTree   +-- env-paths@1.0.0
26 silly idealTree   +-- err-code@1.1.2
26 silly idealTree   +-- errno@0.1.7
26 silly idealTree   +-- es-abstract@1.12.0
26 silly idealTree   +-- es-to-primitive@1.2.0
26 silly idealTree   +-- es6-promise@4.2.8
26 silly idealTree   +-- es6-promisify@5.0.0
26 silly idealTree   +-- escape-string-regexp@1.0.5
26 silly idealTree   +-- execa@0.7.0
26 silly idealTree   | `-- get-stream@3.0.0
26 silly idealTree   +-- extend@3.0.2
26 silly idealTree   +-- extsprintf@1.3.0
26 silly idealTree   +-- fast-deep-equal@1.1.0
26 silly idealTree   +-- fast-json-stable-stringify@2.0.0
26 silly idealTree   +-- figgy-pudding@3.5.1
26 silly idealTree   +-- find-npm-prefix@1.0.2
26 silly idealTree   +-- find-up@2.1.0
26 silly idealTree   +-- flush-write-stream@1.0.3
26 silly idealTree   | +-- readable-stream@2.3.6
26 silly idealTree   | `-- string_decoder@1.1.1
26 silly idealTree   +-- forever-agent@0.6.1
26 silly idealTree   +-- form-data@2.3.2
26 silly idealTree   +-- from2@2.3.0
26 silly idealTree   | +-- readable-stream@2.3.6
26 silly idealTree   | `-- string_decoder@1.1.1
26 silly idealTree   +-- fs-minipass@1.2.6
26 silly idealTree   +-- fs-vacuum@1.2.10
26 silly idealTree   +-- fs-write-stream-atomic@1.0.10
26 silly idealTree   | +-- iferr@0.1.5
26 silly idealTree   | +-- readable-stream@2.3.6
26 silly idealTree   | `-- string_decoder@1.1.1
26 silly idealTree   +-- fs.realpath@1.0.0
26 silly idealTree   +-- function-bind@1.1.1
26 silly idealTree   +-- gauge@2.7.4
26 silly idealTree   | +-- aproba@1.2.0
26 silly idealTree   | `-- string-width@1.0.2
26 silly idealTree   +-- genfun@5.0.0
26 silly idealTree   +-- gentle-fs@2.2.1
26 silly idealTree   | +-- aproba@1.2.0
26 silly idealTree   | `-- iferr@0.1.5
26 silly idealTree   +-- get-caller-file@1.0.2
26 silly idealTree   +-- get-stream@4.1.0
26 silly idealTree   +-- getpass@0.1.7
26 silly idealTree   +-- glob@7.1.4
26 silly idealTree   +-- global-dirs@0.1.1
26 silly idealTree   +-- got@6.7.1
26 silly idealTree   | `-- get-stream@3.0.0
26 silly idealTree   +-- graceful-fs@4.2.2
26 silly idealTree   +-- har-schema@2.0.0
26 silly idealTree   +-- har-validator@5.1.0
26 silly idealTree   +-- has-flag@3.0.0
26 silly idealTree   +-- has-symbols@1.0.0
26 silly idealTree   +-- has-unicode@2.0.1
26 silly idealTree   +-- has@1.0.3
26 silly idealTree   +-- hosted-git-info@2.8.2
26 silly idealTree   +-- http-cache-semantics@3.8.1
26 silly idealTree   +-- http-proxy-agent@2.1.0
26 silly idealTree   +-- http-signature@1.2.0
26 silly idealTree   +-- https-proxy-agent@2.2.2
26 silly idealTree   +-- humanize-ms@1.2.1
26 silly idealTree   +-- iconv-lite@0.4.23
26 silly idealTree   +-- iferr@1.0.2
26 silly idealTree   +-- ignore-walk@3.0.1
26 silly idealTree   +-- import-lazy@2.1.0
26 silly idealTree   +-- imurmurhash@0.1.4
26 silly idealTree   +-- infer-owner@1.0.4
26 silly idealTree   +-- inflight@1.0.6
26 silly idealTree   +-- inherits@2.0.4
26 silly idealTree   +-- ini@1.3.5
26 silly idealTree   +-- init-package-json@1.10.3
26 silly idealTree   +-- invert-kv@1.0.0
26 silly idealTree   +-- ip-regex@2.1.0
26 silly idealTree   +-- ip@1.1.5
26 silly idealTree   +-- is-callable@1.1.4
26 silly idealTree   +-- is-ci@1.1.0
26 silly idealTree   | `-- ci-info@1.6.0
26 silly idealTree   +-- is-cidr@3.0.0
26 silly idealTree   +-- is-date-object@1.0.1
26 silly idealTree   +-- is-fullwidth-code-point@1.0.0
26 silly idealTree   +-- is-installed-globally@0.1.0
26 silly idealTree   +-- is-npm@1.0.0
26 silly idealTree   +-- is-obj@1.0.1
26 silly idealTree   +-- is-path-inside@1.0.1
26 silly idealTree   +-- is-redirect@1.0.0
26 silly idealTree   +-- is-regex@1.0.4
26 silly idealTree   +-- is-retry-allowed@1.1.0
26 silly idealTree   +-- is-stream@1.1.0
26 silly idealTree   +-- is-symbol@1.0.2
26 silly idealTree   +-- is-typedarray@1.0.0
26 silly idealTree   +-- isarray@1.0.0
26 silly idealTree   +-- isexe@2.0.0
26 silly idealTree   +-- isstream@0.1.2
26 silly idealTree   +-- jsbn@0.1.1
26 silly idealTree   +-- json-parse-better-errors@1.0.2
26 silly idealTree   +-- json-schema-traverse@0.3.1
26 silly idealTree   +-- json-schema@0.2.3
26 silly idealTree   +-- json-stringify-safe@5.0.1
26 silly idealTree   +-- jsonparse@1.3.1
26 silly idealTree   +-- JSONStream@1.3.5
26 silly idealTree   +-- jsprim@1.4.1
26 silly idealTree   +-- latest-version@3.1.0
26 silly idealTree   +-- lazy-property@1.0.0
26 silly idealTree   +-- lcid@1.0.0
26 silly idealTree   +-- libcipm@4.0.3
26 silly idealTree   +-- libnpm@3.0.1
26 silly idealTree   +-- libnpmaccess@3.0.2
26 silly idealTree   +-- libnpmconfig@1.2.1
26 silly idealTree   | +-- find-up@3.0.0
26 silly idealTree   | +-- locate-path@3.0.0
26 silly idealTree   | +-- p-limit@2.2.0
26 silly idealTree   | +-- p-locate@3.0.0
26 silly idealTree   | `-- p-try@2.2.0
26 silly idealTree   +-- libnpmhook@5.0.3
26 silly idealTree   +-- libnpmorg@1.0.1
26 silly idealTree   +-- libnpmpublish@1.1.2
26 silly idealTree   +-- libnpmsearch@2.0.2
26 silly idealTree   +-- libnpmteam@1.0.2
26 silly idealTree   +-- libnpx@10.2.0
26 silly idealTree   +-- locate-path@2.0.0
26 silly idealTree   +-- lock-verify@2.1.0
26 silly idealTree   +-- lockfile@1.0.4
26 silly idealTree   +-- lodash._baseindexof@3.1.0
26 silly idealTree   +-- lodash._baseuniq@4.6.0
26 silly idealTree   +-- lodash._bindcallback@3.0.1
26 silly idealTree   +-- lodash._cacheindexof@3.0.2
26 silly idealTree   +-- lodash._createcache@3.1.2
26 silly idealTree   +-- lodash._createset@4.0.3
26 silly idealTree   +-- lodash._getnative@3.9.1
26 silly idealTree   +-- lodash._root@3.0.1
26 silly idealTree   +-- lodash.clonedeep@4.5.0
26 silly idealTree   +-- lodash.restparam@3.6.1
26 silly idealTree   +-- lodash.union@4.6.0
26 silly idealTree   +-- lodash.uniq@4.5.0
26 silly idealTree   +-- lodash.without@4.4.0
26 silly idealTree   +-- lowercase-keys@1.0.1
26 silly idealTree   +-- lru-cache@5.1.1
26 silly idealTree   +-- make-dir@1.3.0
26 silly idealTree   +-- make-fetch-happen@5.0.0
26 silly idealTree   +-- meant@1.0.1
26 silly idealTree   +-- mem@1.1.0
26 silly idealTree   +-- mime-db@1.35.0
26 silly idealTree   +-- mime-types@2.1.19
26 silly idealTree   +-- mimic-fn@1.2.0
26 silly idealTree   +-- minimatch@3.0.4
26 silly idealTree   +-- minimist@0.0.8
26 silly idealTree   +-- minipass@2.3.3
26 silly idealTree   | `-- yallist@3.0.2
26 silly idealTree   +-- minizlib@1.2.1
26 silly idealTree   +-- mississippi@3.0.0
26 silly idealTree   +-- mkdirp@0.5.1
26 silly idealTree   +-- move-concurrently@1.0.1
26 silly idealTree   | `-- aproba@1.2.0
26 silly idealTree   +-- ms@2.1.1
26 silly idealTree   +-- mute-stream@0.0.7
26 silly idealTree   +-- node-fetch-npm@2.0.2
26 silly idealTree   +-- node-gyp@5.0.3
26 silly idealTree   | +-- nopt@3.0.6
26 silly idealTree   | `-- semver@5.3.0
26 silly idealTree   +-- nopt@4.0.1
26 silly idealTree   +-- normalize-package-data@2.5.0
26 silly idealTree   | `-- resolve@1.10.0
26 silly idealTree   +-- npm-audit-report@1.3.2
26 silly idealTree   +-- npm-bundled@1.0.6
26 silly idealTree   +-- npm-cache-filename@1.0.2
26 silly idealTree   +-- npm-install-checks@3.0.0
26 silly idealTree   +-- npm-lifecycle@3.1.3
26 silly idealTree   +-- npm-logical-tree@1.2.1
26 silly idealTree   +-- npm-package-arg@6.1.0
26 silly idealTree   +-- npm-packlist@1.4.4
26 silly idealTree   +-- npm-pick-manifest@3.0.0
26 silly idealTree   +-- npm-profile@4.0.2
26 silly idealTree   +-- npm-registry-fetch@4.0.0
26 silly idealTree   +-- npm-run-path@2.0.2
26 silly idealTree   +-- npm-user-validate@1.0.0
26 silly idealTree   +-- npmlog@4.1.2
26 silly idealTree   +-- number-is-nan@1.0.1
26 silly idealTree   +-- oauth-sign@0.9.0
26 silly idealTree   +-- object-assign@4.1.1
26 silly idealTree   +-- object-keys@1.0.12
26 silly idealTree   +-- object.getownpropertydescriptors@2.0.3
26 silly idealTree   +-- once@1.4.0
26 silly idealTree   +-- opener@1.5.1
26 silly idealTree   +-- os-homedir@1.0.2
26 silly idealTree   +-- os-locale@2.1.0
26 silly idealTree   +-- os-tmpdir@1.0.2
26 silly idealTree   +-- osenv@0.1.5
26 silly idealTree   +-- p-finally@1.0.0
26 silly idealTree   +-- p-limit@1.2.0
26 silly idealTree   +-- p-locate@2.0.0
26 silly idealTree   +-- p-try@1.0.0
26 silly idealTree   +-- package-json@4.0.1
26 silly idealTree   +-- pacote@9.5.8
26 silly idealTree   | `-- minipass@2.3.5
26 silly idealTree   +-- parallel-transform@1.1.0
26 silly idealTree   | +-- readable-stream@2.3.6
26 silly idealTree   | `-- string_decoder@1.1.1
26 silly idealTree   +-- path-exists@3.0.0
26 silly idealTree   +-- path-is-absolute@1.0.1
26 silly idealTree   +-- path-is-inside@1.0.2
26 silly idealTree   +-- path-key@2.0.1
26 silly idealTree   +-- path-parse@1.0.6
26 silly idealTree   +-- performance-now@2.1.0
26 silly idealTree   +-- pify@3.0.0
26 silly idealTree   +-- prepend-http@1.0.4
26 silly idealTree   +-- process-nextick-args@2.0.0
26 silly idealTree   +-- promise-inflight@1.0.1
26 silly idealTree   +-- promise-retry@1.1.1
26 silly idealTree   | `-- retry@0.10.1
26 silly idealTree   +-- promzard@0.3.0
26 silly idealTree   +-- proto-list@1.2.4
26 silly idealTree   +-- protoduck@5.0.1
26 silly idealTree   +-- prr@1.0.1
26 silly idealTree   +-- pseudomap@1.0.2
26 silly idealTree   +-- psl@1.1.29
26 silly idealTree   +-- pump@3.0.0
26 silly idealTree   +-- pumpify@1.5.1
26 silly idealTree   | `-- pump@2.0.1
26 silly idealTree   +-- punycode@1.4.1
26 silly idealTree   +-- qrcode-terminal@0.12.0
26 silly idealTree   +-- qs@6.5.2
26 silly idealTree   +-- query-string@6.8.2
26 silly idealTree   +-- qw@1.0.1
26 silly idealTree   +-- rc@1.2.7
26 silly idealTree   | `-- minimist@1.2.0
26 silly idealTree   +-- read-cmd-shim@1.0.3
26 silly idealTree   +-- read-installed@4.0.3
26 silly idealTree   +-- read-package-json@2.1.0
26 silly idealTree   +-- read-package-tree@5.3.1
26 silly idealTree   +-- read@1.0.7
26 silly idealTree   +-- readable-stream@3.4.0
26 silly idealTree   +-- readdir-scoped-modules@1.1.0
26 silly idealTree   +-- registry-auth-token@3.3.2
26 silly idealTree   +-- registry-url@3.1.0
26 silly idealTree   +-- request@2.88.0
26 silly idealTree   +-- require-directory@2.1.1
26 silly idealTree   +-- require-main-filename@1.0.1
26 silly idealTree   +-- resolve-from@4.0.0
26 silly idealTree   +-- retry@0.12.0
26 silly idealTree   +-- rimraf@2.6.3
26 silly idealTree   +-- run-queue@1.0.3
26 silly idealTree   | `-- aproba@1.2.0
26 silly idealTree   +-- safe-buffer@5.1.2
26 silly idealTree   +-- safer-buffer@2.1.2
26 silly idealTree   +-- semver-diff@2.1.0
26 silly idealTree   +-- semver@5.7.1
26 silly idealTree   +-- set-blocking@2.0.0
26 silly idealTree   +-- sha@3.0.0
26 silly idealTree   +-- shebang-command@1.2.0
26 silly idealTree   +-- shebang-regex@1.0.0
26 silly idealTree   +-- signal-exit@3.0.2
26 silly idealTree   +-- slash@1.0.0
26 silly idealTree   +-- slide@1.1.6
26 silly idealTree   +-- smart-buffer@4.0.2
26 silly idealTree   +-- socks-proxy-agent@4.0.2
26 silly idealTree   | `-- agent-base@4.2.1
26 silly idealTree   +-- socks@2.3.2
26 silly idealTree   +-- sorted-object@2.0.1
26 silly idealTree   +-- sorted-union-stream@2.1.3
26 silly idealTree   | +-- from2@1.3.0
26 silly idealTree   | +-- isarray@0.0.1
26 silly idealTree   | +-- readable-stream@1.1.14
26 silly idealTree   | `-- string_decoder@0.10.31
26 silly idealTree   +-- spdx-correct@3.0.0
26 silly idealTree   +-- spdx-exceptions@2.1.0
26 silly idealTree   +-- spdx-expression-parse@3.0.0
26 silly idealTree   +-- spdx-license-ids@3.0.3
26 silly idealTree   +-- split-on-first@1.1.0
26 silly idealTree   +-- sshpk@1.14.2
26 silly idealTree   +-- ssri@6.0.1
26 silly idealTree   +-- stream-each@1.2.2
26 silly idealTree   +-- stream-iterate@1.2.0
26 silly idealTree   | +-- readable-stream@2.3.6
26 silly idealTree   | `-- string_decoder@1.1.1
26 silly idealTree   +-- stream-shift@1.0.0
26 silly idealTree   +-- strict-uri-encode@2.0.0
26 silly idealTree   +-- string_decoder@1.2.0
26 silly idealTree   +-- string-width@2.1.1
26 silly idealTree   | +-- ansi-regex@3.0.0
26 silly idealTree   | +-- is-fullwidth-code-point@2.0.0
26 silly idealTree   | `-- strip-ansi@4.0.0
26 silly idealTree   +-- stringify-package@1.0.0
26 silly idealTree   +-- strip-ansi@3.0.1
26 silly idealTree   +-- strip-eof@1.0.0
26 silly idealTree   +-- strip-json-comments@2.0.1
26 silly idealTree   +-- supports-color@5.4.0
26 silly idealTree   +-- tar@4.4.10
26 silly idealTree   | +-- minipass@2.3.5
26 silly idealTree   | `-- yallist@3.0.3
26 silly idealTree   +-- term-size@1.2.0
26 silly idealTree   +-- text-table@0.2.0
26 silly idealTree   +-- through@2.3.8
26 silly idealTree   +-- through2@2.0.3
26 silly idealTree   | +-- readable-stream@2.3.6
26 silly idealTree   | `-- string_decoder@1.1.1
26 silly idealTree   +-- timed-out@4.0.1
26 silly idealTree   +-- tiny-relative-date@1.3.0
26 silly idealTree   +-- tough-cookie@2.4.3
26 silly idealTree   +-- tunnel-agent@0.6.0
26 silly idealTree   +-- tweetnacl@0.14.5
26 silly idealTree   +-- typedarray@0.0.6
26 silly idealTree   +-- uid-number@0.0.6
26 silly idealTree   +-- umask@1.1.0
26 silly idealTree   +-- unique-filename@1.1.1
26 silly idealTree   +-- unique-slug@2.0.0
26 silly idealTree   +-- unique-string@1.0.0
26 silly idealTree   +-- unpipe@1.0.0
26 silly idealTree   +-- unzip-response@2.0.1
26 silly idealTree   +-- update-notifier@2.5.0
26 silly idealTree   +-- url-parse-lax@1.0.0
26 silly idealTree   +-- util-deprecate@1.0.2
26 silly idealTree   +-- util-extend@1.0.3
26 silly idealTree   +-- util-promisify@2.1.0
26 silly idealTree   +-- uuid@3.3.2
26 silly idealTree   +-- validate-npm-package-license@3.0.4
26 silly idealTree   +-- validate-npm-package-name@3.0.0
26 silly idealTree   +-- verror@1.10.0
26 silly idealTree   +-- wcwidth@1.0.1
26 silly idealTree   +-- which-module@2.0.0
26 silly idealTree   +-- which@1.3.1
26 silly idealTree   +-- wide-align@1.1.2
26 silly idealTree   | `-- string-width@1.0.2
26 silly idealTree   +-- widest-line@2.0.0
26 silly idealTree   +-- worker-farm@1.7.0
26 silly idealTree   +-- wrap-ansi@2.1.0
26 silly idealTree   | `-- string-width@1.0.2
26 silly idealTree   +-- wrappy@1.0.2
26 silly idealTree   +-- write-file-atomic@2.4.3
26 silly idealTree   +-- xdg-basedir@3.0.0
26 silly idealTree   +-- xtend@4.0.1
26 silly idealTree   +-- y18n@4.0.0
26 silly idealTree   +-- yallist@3.0.3
26 silly idealTree   +-- yargs-parser@9.0.2
26 silly idealTree   `-- yargs@11.0.0
26 silly idealTree     `-- y18n@3.2.1
27 silly install generateActionsToTake
28 warn checkPermissions Missing write access to /usr/local/lib
29 verbose stack Error: EACCES: permission denied, access '/usr/local/lib'
30 verbose cwd /home/kc
31 verbose Linux 5.0.0-25-generic
32 verbose argv "/usr/bin/node" "/usr/bin/npm" "install" "npm" "-g"
33 verbose node v10.15.2
34 verbose npm  v5.8.0
35 error path /usr/local/lib
36 error code EACCES
37 error errno -13
38 error syscall access
39 error Error: EACCES: permission denied, access '/usr/local/lib'
39 error  { [Error: EACCES: permission denied, access '/usr/local/lib']
39 error   stack:
39 error    'Error: EACCES: permission denied, access \'/usr/local/lib\'',
39 error   errno: -13,
39 error   code: 'EACCES',
39 error   syscall: 'access',
39 error   path: '/usr/local/lib' }
40 error The operation was rejected by your operating system.
40 error It is likely you do not have the permissions to access this file as the current user
40 error
40 error If you believe this might be a permissions issue, please double-check the
40 error permissions of the file and its containing directories, or try running
40 error the command again as root/Administrator (though this is not recommended).
41 verbose exit [ -13, true ]
